0	1	mikroCARM.exe -MSF -DBG -pSTM32F107VC -UICD -BIN -LHF -DL -SSA -O11111114 -fo72 -N"D:\Clicks_git\F\Flash_4_click\SW\example\c\ARM\STM\Click_Flash4_STM.mcpar" -SP"C:\Users\Public\Documents\Mikroelektronika\mikroC PRO for ARM\Defs\" -SP"C:\Users\Public\Documents\Mikroelektronika\mikroC PRO for ARM\Uses\ST M3\" -SP"D:\Clicks_git\F\Flash_4_click\SW\example\c\ARM\STM\" -SP"D:\Clicks_git\F\Flash_4_click\SW\library\HAL\" -SP"D:\Clicks_git\F\Flash_4_click\SW\library\" -SP"C:\Users\Public\Documents\Mikroelektronika\mikroC PRO for ARM\Packages\mikroBUS Board Definition API\Uses\" -IP"C:\Users\Public\Documents\Mikroelektronika\mikroC PRO for ARM\Uses\ST M3\" -IP"D:\Clicks_git\F\Flash_4_click\SW\example\c\ARM\STM\" -IP"D:\Clicks_git\F\Flash_4_click\SW\library\" -IP"D:\Clicks_git\F\Flash_4_click\SW\library\HAL\" -IP"C:\Users\Public\Documents\Mikroelektronika\mikroC PRO for ARM\Packages\mikroBUS Board Definition API\Uses\" "Click_Flash4_STM.c" "__flash4_driver.c" "__Lib_Math.emcl" "__Lib_MathDouble.emcl" "__Lib_Delays.emcl" "__Lib_System_105_107.emcl" "__Lib_GPIO_32F10x_Defs.emcl" "__Lib_GPIO_32F10x.emcl" "__Lib_CString.emcl" "__Lib_Conversions.emcl" "__Lib_SPI_123.emcl" "__Lib_UART_123_45.emcl" "easymx_v7_STM32F107VC.emcl" "Click_Flash4.pld"	 
diagnostics: 0	122	Compilation Started	stdint.h
diagnostics: 81	123	Compiled Successfully	Click_Flash4_STM.c
diagnostics: 0	122	Compilation Started	stdint.h
warning: 264	1508	Implicit conversion of int to ptr	__flash4_driver.c
diagnostics: 471	123	Compiled Successfully	__flash4_driver.c
hint: 323	1164	Variable 'tmp' has been eliminated by optimizer	__flash4_driver.c
hint: 35	1164	Variable 'tmp' has been eliminated by optimizer	__flash4_driver.c
hint: 249	1164	Variable 'nDummy' has been eliminated by optimizer	__flash4_driver.c
hint: 409	1164	Variable 'readData' has been eliminated by optimizer	__flash4_driver.c
hint: 423	1164	Variable 'readData' has been eliminated by optimizer	__flash4_driver.c
hint: 437	1164	Variable 'readData' has been eliminated by optimizer	__flash4_driver.c
hint: 453	1164	Variable 'readData' has been eliminated by optimizer	__flash4_driver.c
diagnostics: 0	127	All files Compiled in 157 ms	 
hint: 0	1144	Used RX: 16 (100%)   Free RX: 0 (0%)	Used RX: 16 (100%)   Free RX: 0 (0%)
hint: 0	1144	Static RAM (bytes): 181   Dynamic RAM (bytes): 65349	Static RAM (bytes): 181   Dynamic RAM (bytes): 65349
hint: 0	1144	Used ROM (bytes): 7311 (3%)  Free ROM (bytes): 254833 (97%)	Used ROM (bytes): 7311 (3%)  Free ROM (bytes): 254833 (97%)
diagnostics: 0	125	Project Linked Successfully	Click_Flash4_STM.mcpar
diagnostics: 0	128	Linked in 234 ms	 
diagnostics: 0	129	Project 'Click_Flash4_STM.mcpar' completed: 516 ms	 
diagnostics: 0	103	Finished successfully: 15 okt 2018, 15:43:29	Click_Flash4_STM.mcpar
